# JRE version: OpenJDK Runtime Environment (17.0.6) (build 17.0.6+0-b2043.56-10027231)
# Java VM: OpenJDK 64-Bit Server VM (17.0.6+0-b2043.56-10027231, mixed mode, tiered, compressed oops, compressed class ptrs, g1 gc, windows-amd64)
GC Precious Log:
 CPUs: 12 total, 12 available
 Memory: 16222M
 Large Page Support: Disabled
 NUMA Support: Disabled
 Compressed Oops: Enabled (Zero based)
 Heap Region Size: 4M
 Heap Min Capacity: 8M
 Heap Initial Capacity: 256M
 Heap Max Capacity: 8G
 Pre-touch: Disabled
 Parallel Workers: 10
 Concurrent Workers: 3
 Concurrent Refinement Workers: 10
 Periodic GC: Disabled
Heap:
 garbage-first heap   total 970752K, used 860160K [0x0000000600000000, 0x0000000800000000)
  region size 4096K, 2 young (8192K), 2 survivors (8192K)
 Metaspace       used 263648K, committed 265856K, reserved 1286144K
  class space    used 34340K, committed 35392K, reserved 1048576K
GC Heap History (20 events):
Event: 411.620 GC heap after
{Heap after GC invocations=69 (full 0):
 garbage-first heap   total 970752K, used 598016K [0x0000000600000000, 0x0000000800000000)
  region size 4096K, 7 young (28672K), 7 survivors (28672K)
 Metaspace       used 247145K, committed 249280K, reserved 1269760K
  class space    used 32223K, committed 33216K, reserved 1048576K
}
Event: 412.703 GC heap before
{Heap before GC invocations=69 (full 0):
 garbage-first heap   total 970752K, used 778240K [0x0000000600000000, 0x0000000800000000)
  region size 4096K, 52 young (212992K), 7 survivors (28672K)
 Metaspace       used 253687K, committed 255808K, reserved 1277952K
  class space    used 33233K, committed 34240K, reserved 1048576K
}
Event: 412.710 GC heap after
{Heap after GC invocations=70 (full 0):
 garbage-first heap   total 970752K, used 600899K [0x0000000600000000, 0x0000000800000000)
  region size 4096K, 4 young (16384K), 4 survivors (16384K)
 Metaspace       used 253687K, committed 255808K, reserved 1277952K
  class space    used 33233K, committed 34240K, reserved 1048576K
}
Event: 413.152 GC heap before
{Heap before GC invocations=70 (full 0):
 garbage-first heap   total 970752K, used 879427K [0x0000000600000000, 0x0000000800000000)
  region size 4096K, 49 young (200704K), 4 survivors (16384K)
 Metaspace       used 253807K, committed 256000K, reserved 1277952K
  class space    used 33235K, committed 34240K, reserved 1048576K
}
Event: 413.159 GC heap after
{Heap after GC invocations=71 (full 0):
 garbage-first heap   total 970752K, used 627712K [0x0000000600000000, 0x0000000800000000)
  region size 4096K, 7 young (28672K), 7 survivors (28672K)
 Metaspace       used 253807K, committed 256000K, reserved 1277952K
  class space    used 33235K, committed 34240K, reserved 1048576K
}
Event: 509.634 GC heap before
{Heap before GC invocations=71 (full 0):
 garbage-first heap   total 970752K, used 783360K [0x0000000600000000, 0x0000000800000000)
  region size 4096K, 46 young (188416K), 7 survivors (28672K)
 Metaspace       used 254075K, committed 256192K, reserved 1277952K
  class space    used 33246K, committed 34240K, reserved 1048576K
}
Event: 509.643 GC heap after
{Heap after GC invocations=72 (full 0):
 garbage-first heap   total 970752K, used 629841K [0x0000000600000000, 0x0000000800000000)
  region size 4096K, 6 young (24576K), 6 survivors (24576K)
 Metaspace       used 254075K, committed 256192K, reserved 1277952K
  class space    used 33246K, committed 34240K, reserved 1048576K
}
Event: 510.199 GC heap before
{Heap before GC invocations=72 (full 0):
 garbage-first heap   total 970752K, used 785489K [0x0000000600000000, 0x0000000800000000)
  region size 4096K, 45 young (184320K), 6 survivors (24576K)
 Metaspace       used 254273K, committed 256384K, reserved 1277952K
  class space    used 33253K, committed 34240K, reserved 1048576K
}
Event: 510.213 GC heap after
{Heap after GC invocations=73 (full 0):
 garbage-first heap   total 970752K, used 654188K [0x0000000600000000, 0x0000000800000000)
  region size 4096K, 6 young (24576K), 6 survivors (24576K)
 Metaspace       used 254273K, committed 256384K, reserved 1277952K
  class space    used 33253K, committed 34240K, reserved 1048576K
}
Event: 511.321 GC heap before
{Heap before GC invocations=73 (full 0):
 garbage-first heap   total 970752K, used 793452K [0x0000000600000000, 0x0000000800000000)
  region size 4096K, 41 young (167936K), 6 survivors (24576K)
 Metaspace       used 254311K, committed 256448K, reserved 1277952K
  class space    used 33254K, committed 34240K, reserved 1048576K
}
Event: 511.330 GC heap after
{Heap after GC invocations=74 (full 0):
 garbage-first heap   total 970752K, used 663162K [0x0000000600000000, 0x0000000800000000)
  region size 4096K, 3 young (12288K), 3 survivors (12288K)
 Metaspace       used 254311K, committed 256448K, reserved 1277952K
  class space    used 33254K, committed 34240K, reserved 1048576K
}
Event: 516.149 GC heap before
{Heap before GC invocations=74 (full 0):
 garbage-first heap   total 970752K, used 802426K [0x0000000600000000, 0x0000000800000000)
  region size 4096K, 38 young (155648K), 3 survivors (12288K)
 Metaspace       used 257604K, committed 259776K, reserved 1277952K
  class space    used 33521K, committed 34560K, reserved 1048576K
}
Event: 516.159 GC heap after
{Heap after GC invocations=75 (full 0):
 garbage-first heap   total 970752K, used 701696K [0x0000000600000000, 0x0000000800000000)
  region size 4096K, 5 young (20480K), 5 survivors (20480K)
 Metaspace       used 257604K, committed 259776K, reserved 1277952K
  class space    used 33521K, committed 34560K, reserved 1048576K
}
Event: 516.551 GC heap before
{Heap before GC invocations=75 (full 0):
 garbage-first heap   total 970752K, used 800000K [0x0000000600000000, 0x0000000800000000)
  region size 4096K, 29 young (118784K), 5 survivors (20480K)
 Metaspace       used 263559K, committed 265792K, reserved 1286144K
  class space    used 34337K, committed 35392K, reserved 1048576K
}
Event: 516.566 GC heap after
{Heap after GC invocations=76 (full 0):
 garbage-first heap   total 970752K, used 743294K [0x0000000600000000, 0x0000000800000000)
  region size 4096K, 4 young (16384K), 4 survivors (16384K)
 Metaspace       used 263559K, committed 265792K, reserved 1286144K
  class space    used 34337K, committed 35392K, reserved 1048576K
}
Event: 516.666 GC heap before
{Heap before GC invocations=76 (full 0):
 garbage-first heap   total 970752K, used 812926K [0x0000000600000000, 0x0000000800000000)
  region size 4096K, 21 young (86016K), 4 survivors (16384K)
 Metaspace       used 263618K, committed 265856K, reserved 1286144K
  class space    used 34340K, committed 35392K, reserved 1048576K
}
Event: 516.683 GC heap after
{Heap after GC invocations=77 (full 0):
 garbage-first heap   total 970752K, used 799461K [0x0000000600000000, 0x0000000800000000)
  region size 4096K, 3 young (12288K), 3 survivors (12288K)
 Metaspace       used 263618K, committed 265856K, reserved 1286144K
  class space    used 34340K, committed 35392K, reserved 1048576K
}
Event: 516.726 GC heap before
{Heap before GC invocations=77 (full 0):
 garbage-first heap   total 970752K, used 832229K [0x0000000600000000, 0x0000000800000000)
  region size 4096K, 11 young (45056K), 3 survivors (12288K)
 Metaspace       used 263618K, committed 265856K, reserved 1286144K
  class space    used 34340K, committed 35392K, reserved 1048576K
}
Event: 516.736 GC heap after
{Heap after GC invocations=78 (full 0):
 garbage-first heap   total 970752K, used 836618K [0x0000000600000000, 0x0000000800000000)
  region size 4096K, 2 young (8192K), 2 survivors (8192K)
 Metaspace       used 263618K, committed 265856K, reserved 1286144K
  class space    used 34340K, committed 35392K, reserved 1048576K
}
Event: 516.843 GC heap before
{Heap before GC invocations=78 (full 0):
 garbage-first heap   total 970752K, used 873482K [0x0000000600000000, 0x0000000800000000)
  region size 4096K, 11 young (45056K), 2 survivors (8192K)
 Metaspace       used 263648K, committed 265856K, reserved 1286144K
  class space    used 34340K, committed 35392K, reserved 1048576K
}

